c:\users\pontus.fredriksson3\desktop\pontus-engine\pontus-engine\engine\temp\engine\x64\debug\engine_debug.pch
c:\users\pontus.fredriksson3\desktop\pontus-engine\pontus-engine\engine\lib\engine_debug.pdb
c:\users\pontus.fredriksson3\desktop\pontus-engine\pontus-engine\engine\lib\engine_debug.idb
c:\users\pontus.fredriksson3\desktop\pontus-engine\pontus-engine\engine\temp\engine\x64\debug\pch.obj
c:\users\pontus.fredriksson3\desktop\pontus-engine\pontus-engine\engine\temp\engine\x64\debug\mainsingleton.obj
c:\users\pontus.fredriksson3\desktop\pontus-engine\pontus-engine\engine\temp\engine\x64\debug\lightfactory.obj
c:\users\pontus.fredriksson3\desktop\pontus-engine\pontus-engine\engine\temp\engine\x64\debug\light.obj
c:\users\pontus.fredriksson3\desktop\pontus-engine\pontus-engine\engine\temp\engine\x64\debug\jsonparser.obj
c:\users\pontus.fredriksson3\desktop\pontus-engine\pontus-engine\engine\temp\engine\x64\debug\imgui_widgets.obj
c:\users\pontus.fredriksson3\desktop\pontus-engine\pontus-engine\engine\temp\engine\x64\debug\imgui_tables.obj
c:\users\pontus.fredriksson3\desktop\pontus-engine\pontus-engine\engine\temp\engine\x64\debug\imgui_impl_win32.obj
c:\users\pontus.fredriksson3\desktop\pontus-engine\pontus-engine\engine\temp\engine\x64\debug\imgui_impl_dx11.obj
c:\users\pontus.fredriksson3\desktop\pontus-engine\pontus-engine\engine\temp\engine\x64\debug\imgui_draw.obj
c:\users\pontus.fredriksson3\desktop\pontus-engine\pontus-engine\engine\temp\engine\x64\debug\imgui_demo.obj
c:\users\pontus.fredriksson3\desktop\pontus-engine\pontus-engine\engine\temp\engine\x64\debug\imgui.obj
c:\users\pontus.fredriksson3\desktop\pontus-engine\pontus-engine\engine\temp\engine\x64\debug\graphicsengine.obj
c:\users\pontus.fredriksson3\desktop\pontus-engine\pontus-engine\engine\temp\engine\x64\debug\gameobject.obj
c:\users\pontus.fredriksson3\desktop\pontus-engine\pontus-engine\engine\temp\engine\x64\debug\forwardrenderer.obj
c:\users\pontus.fredriksson3\desktop\pontus-engine\pontus-engine\engine\temp\engine\x64\debug\errormanager.obj
c:\users\pontus.fredriksson3\desktop\pontus-engine\pontus-engine\engine\temp\engine\x64\debug\environmentlight.obj
c:\users\pontus.fredriksson3\desktop\pontus-engine\pontus-engine\engine\temp\engine\x64\debug\engine.obj
c:\users\pontus.fredriksson3\desktop\pontus-engine\pontus-engine\engine\temp\engine\x64\debug\directx11framework.obj
c:\users\pontus.fredriksson3\desktop\pontus-engine\pontus-engine\engine\temp\engine\x64\debug\camerafactory.obj
c:\users\pontus.fredriksson3\desktop\pontus-engine\pontus-engine\engine\temp\engine\x64\debug\camera.obj
c:\users\pontus.fredriksson3\desktop\pontus-engine\pontus-engine\engine\temp\engine\x64\debug\windowhandler.obj
c:\users\pontus.fredriksson3\desktop\pontus-engine\pontus-engine\engine\temp\engine\x64\debug\spotlight.obj
c:\users\pontus.fredriksson3\desktop\pontus-engine\pontus-engine\engine\temp\engine\x64\debug\scene.obj
c:\users\pontus.fredriksson3\desktop\pontus-engine\pontus-engine\engine\temp\engine\x64\debug\pointlight.obj
c:\users\pontus.fredriksson3\desktop\pontus-engine\pontus-engine\engine\temp\engine\x64\debug\modelinstance.obj
c:\users\pontus.fredriksson3\desktop\pontus-engine\pontus-engine\engine\temp\engine\x64\debug\modelhandler.obj
c:\users\pontus.fredriksson3\desktop\pontus-engine\pontus-engine\engine\temp\engine\x64\debug\modelfactory.obj
c:\users\pontus.fredriksson3\desktop\pontus-engine\pontus-engine\engine\temp\engine\x64\debug\model.obj
c:\users\pontus.fredriksson3\desktop\pontus-engine\pontus-engine\engine\source\output\shaders\cubepixelshader.cso
c:\users\pontus.fredriksson3\desktop\pontus-engine\pontus-engine\engine\source\output\shaders\cubevertexshader.cso
c:\users\pontus.fredriksson3\desktop\pontus-engine\pontus-engine\engine\source\output\shaders\pixelshader.cso
c:\users\pontus.fredriksson3\desktop\pontus-engine\pontus-engine\engine\source\output\shaders\vertexshader.cso
c:\users\pontus.fredriksson3\desktop\pontus-engine\pontus-engine\engine\lib\engine_debug.lib
c:\users\pontus.fredriksson3\desktop\pontus-engine\pontus-engine\engine\temp\engine\x64\debug\engine.res
c:\users\pontus.fredriksson3\desktop\pontus-engine\pontus-engine\engine\source\..\lib\engine_debug.pdb
c:\users\pontus.fredriksson3\desktop\pontus-engine\pontus-engine\engine\temp\engine\x64\debug\engine.tlog\cl.command.1.tlog
c:\users\pontus.fredriksson3\desktop\pontus-engine\pontus-engine\engine\temp\engine\x64\debug\engine.tlog\cl.read.1.tlog
c:\users\pontus.fredriksson3\desktop\pontus-engine\pontus-engine\engine\temp\engine\x64\debug\engine.tlog\cl.write.1.tlog
c:\users\pontus.fredriksson3\desktop\pontus-engine\pontus-engine\engine\temp\engine\x64\debug\engine.tlog\fxc.command.1.tlog
c:\users\pontus.fredriksson3\desktop\pontus-engine\pontus-engine\engine\temp\engine\x64\debug\engine.tlog\fxc.read.1.tlog
c:\users\pontus.fredriksson3\desktop\pontus-engine\pontus-engine\engine\temp\engine\x64\debug\engine.tlog\fxc.write.1.tlog
c:\users\pontus.fredriksson3\desktop\pontus-engine\pontus-engine\engine\temp\engine\x64\debug\engine.tlog\lib-link-cvtres.read.1.tlog
c:\users\pontus.fredriksson3\desktop\pontus-engine\pontus-engine\engine\temp\engine\x64\debug\engine.tlog\lib-link-cvtres.write.1.tlog
c:\users\pontus.fredriksson3\desktop\pontus-engine\pontus-engine\engine\temp\engine\x64\debug\engine.tlog\lib.command.1.tlog
c:\users\pontus.fredriksson3\desktop\pontus-engine\pontus-engine\engine\temp\engine\x64\debug\engine.tlog\rc.command.1.tlog
c:\users\pontus.fredriksson3\desktop\pontus-engine\pontus-engine\engine\temp\engine\x64\debug\engine.tlog\rc.read.1.tlog
c:\users\pontus.fredriksson3\desktop\pontus-engine\pontus-engine\engine\temp\engine\x64\debug\engine.tlog\rc.write.1.tlog
