  compilation object save succeeded; see C:\Users\pontus.fredriksson3\Desktop\Pontus-Engine\Pontus-Engine\Engine\Bin\Shaders\CubePixelShader.cso
  compilation object save succeeded; see C:\Users\pontus.fredriksson3\Desktop\Pontus-Engine\Pontus-Engine\Engine\Bin\Shaders\CubeVertexShader.cso
  compilation object save succeeded; see C:\Users\pontus.fredriksson3\Desktop\Pontus-Engine\Pontus-Engine\Engine\Bin\Shaders\PixelShader.cso
C:\Users\pontus.fredriksson3\Desktop\Pontus-Engine\Pontus-Engine\Engine\Source\Engine\VertexShader.hlsl(3,17-38): warning X3578: Output value 'main' is not completely initialized
  
  compilation object save succeeded; see C:\Users\pontus.fredriksson3\Desktop\Pontus-Engine\Pontus-Engine\Engine\Bin\Shaders\VertexShader.cso
  pch.cpp
  Camera.cpp
  CameraFactory.cpp
  DirectX11Framework.cpp
  Engine.cpp
  EnvironmentLight.cpp
  ErrorManager.cpp
  ForwardRenderer.cpp
  GameObject.cpp
  GraphicsEngine.cpp
  imgui.cpp
  imgui_demo.cpp
  imgui_draw.cpp
  imgui_impl_dx11.cpp
  imgui_impl_win32.cpp
  imgui_tables.cpp
  imgui_widgets.cpp
  JsonParser.cpp
  Light.cpp
  LightFactory.cpp
  MainSingleton.cpp
  Generating Code...
  Compiling...
  Model.cpp
  ModelFactory.cpp
  ModelHandler.cpp
C:\Program Files (x86)\Microsoft Visual Studio\2019\Community\VC\Tools\MSVC\14.29.30037\include\xstring(2575,23): warning C4244: 'argument': conversion from 'const wchar_t' to 'const _Elem', possible loss of data
          with
          [
              _Elem=char
          ]
C:\Program Files (x86)\Microsoft Visual Studio\2019\Community\VC\Tools\MSVC\14.29.30037\include\xstring(2586): message : see reference to function template instantiation 'void std::basic_string<char,std::char_traits<char>,std::allocator<char>>::_Construct<const wchar_t*>(_Iter,const _Iter,std::input_iterator_tag)' being compiled
          with
          [
              _Iter=const wchar_t *
          ]
C:\Program Files (x86)\Microsoft Visual Studio\2019\Community\VC\Tools\MSVC\14.29.30037\include\xstring(2586): message : see reference to function template instantiation 'void std::basic_string<char,std::char_traits<char>,std::allocator<char>>::_Construct<const wchar_t*>(_Iter,const _Iter,std::input_iterator_tag)' being compiled
          with
          [
              _Iter=const wchar_t *
          ]
C:\Program Files (x86)\Microsoft Visual Studio\2019\Community\VC\Tools\MSVC\14.29.30037\include\xstring(2566): message : see reference to function template instantiation 'void std::basic_string<char,std::char_traits<char>,std::allocator<char>>::_Construct<const wchar_t*>(const _Iter,const _Iter,std::forward_iterator_tag)' being compiled
          with
          [
              _Iter=const wchar_t *
          ]
C:\Program Files (x86)\Microsoft Visual Studio\2019\Community\VC\Tools\MSVC\14.29.30037\include\xstring(2566): message : see reference to function template instantiation 'void std::basic_string<char,std::char_traits<char>,std::allocator<char>>::_Construct<const wchar_t*>(const _Iter,const _Iter,std::forward_iterator_tag)' being compiled
          with
          [
              _Iter=const wchar_t *
          ]
C:\Users\pontus.fredriksson3\Desktop\Pontus-Engine\Pontus-Engine\Engine\Source\Engine\ModelHandler.cpp(257): message : see reference to function template instantiation 'std::basic_string<char,std::char_traits<char>,std::allocator<char>>::basic_string<std::_String_const_iterator<std::_String_val<std::_Simple_types<_Elem>>>,0>(_Iter,_Iter,const _Alloc &)' being compiled
          with
          [
              _Elem=wchar_t,
              _Iter=std::_String_const_iterator<std::_String_val<std::_Simple_types<wchar_t>>>,
              _Alloc=std::allocator<char>
          ]
C:\Users\pontus.fredriksson3\Desktop\Pontus-Engine\Pontus-Engine\Engine\Source\Engine\ModelHandler.cpp(257): message : see reference to function template instantiation 'std::basic_string<char,std::char_traits<char>,std::allocator<char>>::basic_string<std::_String_const_iterator<std::_String_val<std::_Simple_types<_Elem>>>,0>(_Iter,_Iter,const _Alloc &)' being compiled
          with
          [
              _Elem=wchar_t,
              _Iter=std::_String_const_iterator<std::_String_val<std::_Simple_types<wchar_t>>>,
              _Alloc=std::allocator<char>
          ]
  ModelInstance.cpp
  PointLight.cpp
  Scene.cpp
  SpotLight.cpp
  WindowHandler.cpp
  Generating Code...
  Engine.vcxproj -> C:\Users\pontus.fredriksson3\Desktop\Pontus-Engine\Pontus-Engine\Engine\Lib\Engine_Debug.lib
